<?xml version="1.0" encoding="UTF-8"?>
<!-- Generated by org.testng.reporters.JUnitReportReporter -->
<testsuite hostname="Sabbir" failures="0" tests="1" name="restassureapi.rest_api.TC_1_JSONPathinConsol" time="1.488" errors="0" timestamp="2023-01-02T22:58:25 EST" skipped="0">
  <testcase classname="restassureapi.rest_api.TC_1_JSONPathinConsol" name="apipost" time="1.488"/>
  <system-out/>
</testsuite> <!-- restassureapi.rest_api.TC_1_JSONPathinConsol -->
