<?xml version="1.0" encoding="UTF-8"?>
<!-- Generated by org.testng.reporters.JUnitReportReporter -->
<testsuite hostname="Sabbir" failures="0" tests="1" name="restassureapi.rest_api.getcallapi" time="2.764" errors="0" timestamp="2022-12-28T01:16:46 EST" skipped="0">
  <testcase classname="restassureapi.rest_api.getcallapi" name="getauto1" time="2.764"/>
  <system-out/>
</testsuite> <!-- restassureapi.rest_api.getcallapi -->
