<?xml version="1.0" encoding="UTF-8"?>
<!-- Generated by org.testng.reporters.JUnitReportReporter -->
<testsuite hostname="Sabbir" failures="0" tests="1" name="restassureapi.rest_api.apiForAllHeader" time="3.814" errors="0" timestamp="2023-01-02T21:14:01 EST" skipped="0">
  <testcase classname="restassureapi.rest_api.apiForAllHeader" name="headerprint" time="3.814"/>
  <system-out/>
</testsuite> <!-- restassureapi.rest_api.apiForAllHeader -->
