<?xml version="1.0" encoding="UTF-8"?>
<!-- Generated by org.testng.reporters.JUnitReportReporter -->
<testsuite hostname="Sabbir" failures="0" tests="1" name="restassureapi.rest_api.TC_1_JSONValidation" time="2.520" errors="0" timestamp="2023-01-02T21:31:12 EST" skipped="0">
  <testcase classname="restassureapi.rest_api.TC_1_JSONValidation" name="apipost" time="2.520"/>
  <system-out/>
</testsuite> <!-- restassureapi.rest_api.TC_1_JSONValidation -->
