<?xml version="1.0" encoding="UTF-8"?>
<!-- Generated by org.testng.reporters.JUnitReportReporter -->
<testsuite hostname="Sabbir" failures="0" tests="1" name="restassureapi.rest_api.api_accessToken" time="3.661" errors="0" timestamp="2023-01-07T21:01:37 EST" skipped="0">
  <testcase classname="restassureapi.rest_api.api_accessToken" name="accessToken1" time="3.661"/>
  <system-out/>
</testsuite> <!-- restassureapi.rest_api.api_accessToken -->
