<?xml version="1.0" encoding="UTF-8"?>
<!-- Generated by org.testng.reporters.JUnitReportReporter -->
<testsuite hostname="Sabbir" failures="0" tests="1" name="restassureapi.rest_api.test2_post" time="2.754" errors="0" timestamp="2023-01-04T00:13:39 EST" skipped="0">
  <testcase classname="restassureapi.rest_api.test2_post" name="apipost" time="2.754"/>
  <system-out/>
</testsuite> <!-- restassureapi.rest_api.test2_post -->
